<?xml version="1.0" encoding="UTF-8"?>
<!-- Generated by org.testng.reporters.JUnitXMLReporter -->
<testsuite ignored="0" hostname="DESKTOP-TDL1K53" failures="0" tests="3" name="Command line test" time="42.41" errors="0" timestamp="12 Mar 2021 15:33:11 GMT">
  <testcase classname="com.orange.qa.test.orange_loginPageTest" name="verifylinksavailableonloginpageTest" time="0.869"/>
  <testcase classname="com.orange.qa.test.orange_loginPageTest" name="VerifyLoginSuccessfullytest" time="2.652"/>
  <testcase classname="com.orange.qa.test.orange_loginPageTest" name="validateLoginPageTitletest" time="0.031"/>
</testsuite> <!-- Command line test -->
