<?xml version="1.0" encoding="UTF-8"?>
<!-- Generated by org.testng.reporters.JUnitXMLReporter -->
<testsuite ignored="0" hostname="DESKTOP-TDL1K53" failures="0" tests="2" name="Default test" time="26.619" errors="0" timestamp="11 Mar 2021 17:58:48 GMT">
  <testcase classname="com.orange.qa.test.orange_loginPageTest" name="VerifyLoginSuccessfullytest" time="2.022"/>
  <testcase classname="com.orange.qa.test.orange_loginPageTest" name="validateLoginPageTitletest" time="0.016"/>
</testsuite> <!-- Default test -->
