<?xml version="1.0" encoding="UTF-8"?>
<!-- Generated by org.testng.reporters.JUnitXMLReporter -->
<testsuite ignored="0" hostname="DESKTOP-TDL1K53" failures="0" tests="3" name="Test" time="44.455" errors="0" timestamp="12 Mar 2021 15:44:20 GMT">
  <testcase classname="com.orange.qa.test.orange_loginPageTest" name="verifylinksavailableonloginpageTest" time="0.23"/>
  <testcase classname="com.orange.qa.test.orange_loginPageTest" name="VerifyLoginSuccessfullytest" time="2.04"/>
  <testcase classname="com.orange.qa.test.orange_loginPageTest" name="validateLoginPageTitletest" time="0.03"/>
</testsuite> <!-- Test -->
