<?xml version="1.0" encoding="UTF-8"?>
<testng-results ignored="0" total="3" passed="3" failed="0" skipped="0">
  <reporter-output>
  </reporter-output>
  <suite started-at="2021-03-12T15:32:28Z" name="com.orange.qa.test.orange_loginPageTest" finished-at="2021-03-12T15:33:10Z" duration-ms="42410">
    <groups>
    </groups>
    <test started-at="2021-03-12T15:32:28Z" name="Command line test" finished-at="2021-03-12T15:33:10Z" duration-ms="42410">
      <class name="com.orange.qa.test.orange_loginPageTest">
        <test-method is-config="true" signature="setup()[pri:0, instance:com.orange.qa.test.orange_loginPageTest@462d5aee]" started-at="2021-03-12T15:32:28Z" name="setup" finished-at="2021-03-12T15:32:38Z" duration-ms="10707" status="PASS">
          <reporter-output>
          </reporter-output>
        </test-method> <!-- setup -->
        <test-method signature="verifylinksavailableonloginpageTest()[pri:-1, instance:com.orange.qa.test.orange_loginPageTest@462d5aee]" started-at="2021-03-12T15:32:38Z" name="verifylinksavailableonloginpageTest" finished-at="2021-03-12T15:32:39Z" duration-ms="869" status="PASS">
          <reporter-output>
          </reporter-output>
        </test-method> <!-- verifylinksavailableonloginpageTest -->
        <test-method is-config="true" signature="tearDown()[pri:0, instance:com.orange.qa.test.orange_loginPageTest@462d5aee]" started-at="2021-03-12T15:32:39Z" name="tearDown" finished-at="2021-03-12T15:32:40Z" duration-ms="898" status="PASS">
          <reporter-output>
          </reporter-output>
        </test-method> <!-- tearDown -->
        <test-method is-config="true" signature="setup()[pri:0, instance:com.orange.qa.test.orange_loginPageTest@462d5aee]" started-at="2021-03-12T15:32:40Z" name="setup" finished-at="2021-03-12T15:32:53Z" duration-ms="12827" status="PASS">
          <reporter-output>
          </reporter-output>
        </test-method> <!-- setup -->
        <test-method signature="VerifyLoginSuccessfullytest()[pri:0, instance:com.orange.qa.test.orange_loginPageTest@462d5aee]" started-at="2021-03-12T15:32:53Z" name="VerifyLoginSuccessfullytest" finished-at="2021-03-12T15:32:56Z" duration-ms="2652" status="PASS">
          <reporter-output>
          </reporter-output>
        </test-method> <!-- VerifyLoginSuccessfullytest -->
        <test-method is-config="true" signature="tearDown()[pri:0, instance:com.orange.qa.test.orange_loginPageTest@462d5aee]" started-at="2021-03-12T15:32:56Z" name="tearDown" finished-at="2021-03-12T15:32:57Z" duration-ms="1019" status="PASS">
          <reporter-output>
          </reporter-output>
        </test-method> <!-- tearDown -->
        <test-method is-config="true" signature="setup()[pri:0, instance:com.orange.qa.test.orange_loginPageTest@462d5aee]" started-at="2021-03-12T15:32:57Z" name="setup" finished-at="2021-03-12T15:33:09Z" duration-ms="11803" status="PASS">
          <reporter-output>
          </reporter-output>
        </test-method> <!-- setup -->
        <test-method signature="validateLoginPageTitletest()[pri:1, instance:com.orange.qa.test.orange_loginPageTest@462d5aee]" started-at="2021-03-12T15:33:09Z" name="validateLoginPageTitletest" finished-at="2021-03-12T15:33:09Z" duration-ms="31" status="PASS">
          <reporter-output>
          </reporter-output>
        </test-method> <!-- validateLoginPageTitletest -->
        <test-method is-config="true" signature="tearDown()[pri:0, instance:com.orange.qa.test.orange_loginPageTest@462d5aee]" started-at="2021-03-12T15:33:09Z" name="tearDown" finished-at="2021-03-12T15:33:10Z" duration-ms="1533" status="PASS">
          <reporter-output>
          </reporter-output>
        </test-method> <!-- tearDown -->
      </class> <!-- com.orange.qa.test.orange_loginPageTest -->
    </test> <!-- Command line test -->
  </suite> <!-- com.orange.qa.test.orange_loginPageTest -->
</testng-results>
