<?xml version="1.0" encoding="UTF-8" ?>
<testsuite tests="3" failures="0" name="com.orange.qa.test.orange_loginPageTest" time="3.554" errors="0" skipped="0">
  <properties>
[...]
</properties>
  <testcase classname="com.orange.qa.test.orange_loginPageTest" name="verifylinksavailableonloginpageTest" time="0.869"/>
  <testcase classname="com.orange.qa.test.orange_loginPageTest" name="VerifyLoginSuccessfullytest" time="2.646"/>
  <testcase classname="com.orange.qa.test.orange_loginPageTest" name="validateLoginPageTitletest" time="0.039"/>
</testsuite>