<?xml version="1.0" encoding="UTF-8"?>
<testng-results ignored="0" total="3" passed="3" failed="0" skipped="0">
  <reporter-output>
  </reporter-output>
  <suite started-at="2021-03-12T15:43:36Z" name="Suite" finished-at="2021-03-12T15:44:20Z" duration-ms="44455">
    <groups>
    </groups>
    <test started-at="2021-03-12T15:43:36Z" name="Test" finished-at="2021-03-12T15:44:20Z" duration-ms="44455">
      <class name="com.orange.qa.test.orange_loginPageTest">
        <test-method is-config="true" signature="setup()[pri:0, instance:com.orange.qa.test.orange_loginPageTest@184cf7cf]" started-at="2021-03-12T15:43:36Z" name="setup" finished-at="2021-03-12T15:43:49Z" duration-ms="13729" status="PASS">
          <reporter-output>
          </reporter-output>
        </test-method> <!-- setup -->
        <test-method signature="verifylinksavailableonloginpageTest()[pri:-1, instance:com.orange.qa.test.orange_loginPageTest@184cf7cf]" started-at="2021-03-12T15:43:49Z" name="verifylinksavailableonloginpageTest" finished-at="2021-03-12T15:43:50Z" duration-ms="230" status="PASS">
          <reporter-output>
          </reporter-output>
        </test-method> <!-- verifylinksavailableonloginpageTest -->
        <test-method is-config="true" signature="tearDown()[pri:0, instance:com.orange.qa.test.orange_loginPageTest@184cf7cf]" started-at="2021-03-12T15:43:50Z" name="tearDown" finished-at="2021-03-12T15:43:50Z" duration-ms="821" status="PASS">
          <reporter-output>
          </reporter-output>
        </test-method> <!-- tearDown -->
        <test-method is-config="true" signature="setup()[pri:0, instance:com.orange.qa.test.orange_loginPageTest@184cf7cf]" started-at="2021-03-12T15:43:50Z" name="setup" finished-at="2021-03-12T15:44:03Z" duration-ms="12796" status="PASS">
          <reporter-output>
          </reporter-output>
        </test-method> <!-- setup -->
        <test-method signature="VerifyLoginSuccessfullytest()[pri:0, instance:com.orange.qa.test.orange_loginPageTest@184cf7cf]" started-at="2021-03-12T15:44:03Z" name="VerifyLoginSuccessfullytest" finished-at="2021-03-12T15:44:05Z" duration-ms="2040" status="PASS">
          <reporter-output>
          </reporter-output>
        </test-method> <!-- VerifyLoginSuccessfullytest -->
        <test-method is-config="true" signature="tearDown()[pri:0, instance:com.orange.qa.test.orange_loginPageTest@184cf7cf]" started-at="2021-03-12T15:44:05Z" name="tearDown" finished-at="2021-03-12T15:44:06Z" duration-ms="964" status="PASS">
          <reporter-output>
          </reporter-output>
        </test-method> <!-- tearDown -->
        <test-method is-config="true" signature="setup()[pri:0, instance:com.orange.qa.test.orange_loginPageTest@184cf7cf]" started-at="2021-03-12T15:44:06Z" name="setup" finished-at="2021-03-12T15:44:19Z" duration-ms="12843" status="PASS">
          <reporter-output>
          </reporter-output>
        </test-method> <!-- setup -->
        <test-method signature="validateLoginPageTitletest()[pri:1, instance:com.orange.qa.test.orange_loginPageTest@184cf7cf]" started-at="2021-03-12T15:44:19Z" name="validateLoginPageTitletest" finished-at="2021-03-12T15:44:19Z" duration-ms="30" status="PASS">
          <reporter-output>
          </reporter-output>
        </test-method> <!-- validateLoginPageTitletest -->
        <test-method is-config="true" signature="tearDown()[pri:0, instance:com.orange.qa.test.orange_loginPageTest@184cf7cf]" started-at="2021-03-12T15:44:19Z" name="tearDown" finished-at="2021-03-12T15:44:20Z" duration-ms="935" status="PASS">
          <reporter-output>
          </reporter-output>
        </test-method> <!-- tearDown -->
      </class> <!-- com.orange.qa.test.orange_loginPageTest -->
    </test> <!-- Test -->
  </suite> <!-- Suite -->
</testng-results>
